{"C:\\Users\\ahmtm\\Desktop\\multirent\\multi-tenant\\src\\components\\ui\\Button.jsx": {"path":"C:\\Users\\ahmtm\\Desktop\\multirent\\multi-tenant\\src\\components\\ui\\Button.jsx","statementMap":{"0":{"start":{"line":15,"column":6},"end":{"line":83,"column":null}},"1":{"start":{"line":32,"column":6},"end":{"line":32,"column":null}},"2":{"start":{"line":34,"column":21},"end":{"line":45,"column":null}},"3":{"start":{"line":47,"column":18},"end":{"line":51,"column":null}},"4":{"start":{"line":53,"column":23},"end":{"line":53,"column":null}},"5":{"start":{"line":55,"column":4},"end":{"line":80,"column":null}},"6":{"start":{"line":85,"column":0},"end":{"line":85,"column":null}},"7":{"start":{"line":93,"column":13},"end":{"line":123,"column":null}},"8":{"start":{"line":95,"column":24},"end":{"line":99,"column":null}},"9":{"start":{"line":101,"column":21},"end":{"line":106,"column":null}},"10":{"start":{"line":108,"column":4},"end":{"line":120,"column":null}},"11":{"start":{"line":125,"column":0},"end":{"line":125,"column":null}}},"fnMap":{"0":{"name":"(anonymous_0)","decl":{"start":{"line":15,"column":15},"end":{"line":15,"column":null}},"loc":{"start":{"line":30,"column":7},"end":{"line":83,"column":null}},"line":30},"1":{"name":"(anonymous_1)","decl":{"start":{"line":93,"column":26},"end":{"line":93,"column":null}},"loc":{"start":{"line":94,"column":79},"end":{"line":123,"column":null}},"line":94}},"branchMap":{"0":{"loc":{"start":{"line":18,"column":6},"end":{"line":18,"column":null}},"type":"default-arg","locations":[{"start":{"line":18,"column":16},"end":{"line":18,"column":null}}],"line":18},"1":{"loc":{"start":{"line":19,"column":6},"end":{"line":19,"column":null}},"type":"default-arg","locations":[{"start":{"line":19,"column":13},"end":{"line":19,"column":null}}],"line":19},"2":{"loc":{"start":{"line":20,"column":6},"end":{"line":20,"column":null}},"type":"default-arg","locations":[{"start":{"line":20,"column":16},"end":{"line":20,"column":null}}],"line":20},"3":{"loc":{"start":{"line":21,"column":6},"end":{"line":21,"column":null}},"type":"default-arg","locations":[{"start":{"line":21,"column":17},"end":{"line":21,"column":null}}],"line":21},"4":{"loc":{"start":{"line":22,"column":6},"end":{"line":22,"column":null}},"type":"default-arg","locations":[{"start":{"line":22,"column":18},"end":{"line":22,"column":null}}],"line":22},"5":{"loc":{"start":{"line":26,"column":6},"end":{"line":26,"column":null}},"type":"default-arg","locations":[{"start":{"line":26,"column":18},"end":{"line":26,"column":null}}],"line":26},"6":{"loc":{"start":{"line":53,"column":23},"end":{"line":53,"column":null}},"type":"cond-expr","locations":[{"start":{"line":53,"column":35},"end":{"line":53,"column":46}},{"start":{"line":53,"column":46},"end":{"line":53,"column":null}}],"line":53},"7":{"loc":{"start":{"line":58,"column":18},"end":{"line":58,"column":null}},"type":"binary-expr","locations":[{"start":{"line":58,"column":18},"end":{"line":58,"column":30}},{"start":{"line":58,"column":30},"end":{"line":58,"column":null}}],"line":58},"8":{"loc":{"start":{"line":68,"column":9},"end":{"line":78,"column":null}},"type":"cond-expr","locations":[{"start":{"line":69,"column":10},"end":{"line":72,"column":null}},{"start":{"line":74,"column":10},"end":{"line":78,"column":null}}],"line":68},"9":{"loc":{"start":{"line":75,"column":13},"end":{"line":75,"column":null}},"type":"binary-expr","locations":[{"start":{"line":75,"column":13},"end":{"line":75,"column":25}},{"start":{"line":75,"column":25},"end":{"line":75,"column":null}}],"line":75},"10":{"loc":{"start":{"line":77,"column":13},"end":{"line":77,"column":null}},"type":"binary-expr","locations":[{"start":{"line":77,"column":13},"end":{"line":77,"column":26}},{"start":{"line":77,"column":26},"end":{"line":77,"column":null}}],"line":77},"11":{"loc":{"start":{"line":94,"column":11},"end":{"line":94,"column":30}},"type":"default-arg","locations":[{"start":{"line":94,"column":21},"end":{"line":94,"column":30}}],"line":94},"12":{"loc":{"start":{"line":94,"column":30},"end":{"line":94,"column":43}},"type":"default-arg","locations":[{"start":{"line":94,"column":37},"end":{"line":94,"column":43}}],"line":94},"13":{"loc":{"start":{"line":94,"column":43},"end":{"line":94,"column":59}},"type":"default-arg","locations":[{"start":{"line":94,"column":55},"end":{"line":94,"column":59}}],"line":94}},"s":{"0":1,"1":13,"2":13,"3":13,"4":13,"5":13,"6":1,"7":1,"8":0,"9":0,"10":0,"11":1},"f":{"0":13,"1":0},"b":{"0":[13],"1":[13],"2":[13],"3":[13],"4":[13],"5":[13],"6":[1,12],"7":[13,11],"8":[1,12],"9":[12,0],"10":[12,0],"11":[0],"12":[0],"13":[0]},"meta":{"lastBranch":14,"lastFunction":2,"lastStatement":12,"seen":{"s:15:6:83:Infinity":0,"f:15:15:15:Infinity":0,"b:18:16:18:Infinity":0,"b:19:13:19:Infinity":1,"b:20:16:20:Infinity":2,"b:21:17:21:Infinity":3,"b:22:18:22:Infinity":4,"b:26:18:26:Infinity":5,"s:32:6:32:Infinity":1,"s:34:21:45:Infinity":2,"s:47:18:51:Infinity":3,"s:53:23:53:Infinity":4,"b:53:35:53:46:53:46:53:Infinity":6,"s:55:4:80:Infinity":5,"b:58:18:58:30:58:30:58:Infinity":7,"b:69:10:72:Infinity:74:10:78:Infinity":8,"b:75:13:75:25:75:25:75:Infinity":9,"b:77:13:77:26:77:26:77:Infinity":10,"s:85:0:85:Infinity":6,"s:93:13:123:Infinity":7,"f:93:26:93:Infinity":1,"b:94:21:94:30":11,"b:94:37:94:43":12,"b:94:55:94:59":13,"s:95:24:99:Infinity":8,"s:101:21:106:Infinity":9,"s:108:4:120:Infinity":10,"s:125:0:125:Infinity":11}}}
,"C:\\Users\\ahmtm\\Desktop\\multirent\\multi-tenant\\src\\components\\ui\\Card.jsx": {"path":"C:\\Users\\ahmtm\\Desktop\\multirent\\multi-tenant\\src\\components\\ui\\Card.jsx","statementMap":{"0":{"start":{"line":17,"column":19},"end":{"line":22,"column":null}},"1":{"start":{"line":24,"column":21},"end":{"line":24,"column":null}},"2":{"start":{"line":25,"column":23},"end":{"line":25,"column":null}},"3":{"start":{"line":27,"column":2},"end":{"line":39,"column":null}},"4":{"start":{"line":50,"column":2},"end":{"line":56,"column":null}},"5":{"start":{"line":65,"column":2},"end":{"line":72,"column":null}},"6":{"start":{"line":80,"column":2},"end":{"line":83,"column":null}},"7":{"start":{"line":91,"column":2},"end":{"line":94,"column":null}},"8":{"start":{"line":102,"column":2},"end":{"line":105,"column":null}},"9":{"start":{"line":113,"column":2},"end":{"line":149,"column":null}}},"fnMap":{"0":{"name":"Card","decl":{"start":{"line":9,"column":24},"end":{"line":9,"column":29}},"loc":{"start":{"line":16,"column":3},"end":{"line":39,"column":null}},"line":16},"1":{"name":"CardHeader","decl":{"start":{"line":49,"column":16},"end":{"line":49,"column":27}},"loc":{"start":{"line":49,"column":75},"end":{"line":56,"column":null}},"line":49},"2":{"name":"CardTitle","decl":{"start":{"line":64,"column":16},"end":{"line":64,"column":26}},"loc":{"start":{"line":64,"column":66},"end":{"line":72,"column":null}},"line":64},"3":{"name":"CardDescription","decl":{"start":{"line":79,"column":16},"end":{"line":79,"column":32}},"loc":{"start":{"line":79,"column":72},"end":{"line":83,"column":null}},"line":79},"4":{"name":"CardBody","decl":{"start":{"line":90,"column":16},"end":{"line":90,"column":25}},"loc":{"start":{"line":90,"column":65},"end":{"line":94,"column":null}},"line":90},"5":{"name":"CardFooter","decl":{"start":{"line":101,"column":16},"end":{"line":101,"column":27}},"loc":{"start":{"line":101,"column":67},"end":{"line":105,"column":null}},"line":101},"6":{"name":"StatCard","decl":{"start":{"line":112,"column":16},"end":{"line":112,"column":25}},"loc":{"start":{"line":112,"column":82},"end":{"line":149,"column":null}},"line":112}},"branchMap":{"0":{"loc":{"start":{"line":11,"column":2},"end":{"line":11,"column":null}},"type":"default-arg","locations":[{"start":{"line":11,"column":14},"end":{"line":11,"column":null}}],"line":11},"1":{"loc":{"start":{"line":12,"column":2},"end":{"line":12,"column":null}},"type":"default-arg","locations":[{"start":{"line":12,"column":12},"end":{"line":12,"column":null}}],"line":12},"2":{"loc":{"start":{"line":13,"column":2},"end":{"line":13,"column":null}},"type":"default-arg","locations":[{"start":{"line":13,"column":10},"end":{"line":13,"column":null}}],"line":13},"3":{"loc":{"start":{"line":14,"column":2},"end":{"line":14,"column":null}},"type":"default-arg","locations":[{"start":{"line":14,"column":14},"end":{"line":14,"column":null}}],"line":14},"4":{"loc":{"start":{"line":24,"column":21},"end":{"line":24,"column":null}},"type":"cond-expr","locations":[{"start":{"line":24,"column":29},"end":{"line":24,"column":94}},{"start":{"line":24,"column":94},"end":{"line":24,"column":null}}],"line":24},"5":{"loc":{"start":{"line":25,"column":23},"end":{"line":25,"column":null}},"type":"cond-expr","locations":[{"start":{"line":25,"column":35},"end":{"line":25,"column":40}},{"start":{"line":25,"column":40},"end":{"line":25,"column":null}}],"line":25},"6":{"loc":{"start":{"line":49,"column":39},"end":{"line":49,"column":55}},"type":"default-arg","locations":[{"start":{"line":49,"column":51},"end":{"line":49,"column":55}}],"line":49},"7":{"loc":{"start":{"line":56,"column":7},"end":{"line":56,"column":null}},"type":"binary-expr","locations":[{"start":{"line":56,"column":7},"end":{"line":56,"column":17}},{"start":{"line":56,"column":17},"end":{"line":56,"column":null}}],"line":56},"8":{"loc":{"start":{"line":64,"column":38},"end":{"line":64,"column":54}},"type":"default-arg","locations":[{"start":{"line":64,"column":50},"end":{"line":64,"column":54}}],"line":64},"9":{"loc":{"start":{"line":79,"column":44},"end":{"line":79,"column":60}},"type":"default-arg","locations":[{"start":{"line":79,"column":56},"end":{"line":79,"column":60}}],"line":79},"10":{"loc":{"start":{"line":90,"column":37},"end":{"line":90,"column":53}},"type":"default-arg","locations":[{"start":{"line":90,"column":49},"end":{"line":90,"column":53}}],"line":90},"11":{"loc":{"start":{"line":101,"column":39},"end":{"line":101,"column":55}},"type":"default-arg","locations":[{"start":{"line":101,"column":51},"end":{"line":101,"column":55}}],"line":101},"12":{"loc":{"start":{"line":112,"column":64},"end":{"line":112,"column":82}},"type":"default-arg","locations":[{"start":{"line":112,"column":76},"end":{"line":112,"column":82}}],"line":112},"13":{"loc":{"start":{"line":120,"column":11},"end":{"line":123,"column":null}},"type":"binary-expr","locations":[{"start":{"line":120,"column":11},"end":{"line":120,"column":null}},{"start":{"line":121,"column":12},"end":{"line":123,"column":null}}],"line":120},"14":{"loc":{"start":{"line":132,"column":13},"end":{"line":132,"column":null}},"type":"binary-expr","locations":[{"start":{"line":132,"column":13},"end":{"line":132,"column":25}},{"start":{"line":132,"column":25},"end":{"line":132,"column":null}}],"line":132},"15":{"loc":{"start":{"line":135,"column":11},"end":{"line":147,"column":null}},"type":"binary-expr","locations":[{"start":{"line":135,"column":11},"end":{"line":135,"column":null}},{"start":{"line":136,"column":12},"end":{"line":147,"column":null}}],"line":135},"16":{"loc":{"start":{"line":139,"column":18},"end":{"line":139,"column":null}},"type":"cond-expr","locations":[{"start":{"line":139,"column":45},"end":{"line":139,"column":66}},{"start":{"line":139,"column":66},"end":{"line":139,"column":null}}],"line":139},"17":{"loc":{"start":{"line":142,"column":17},"end":{"line":142,"column":null}},"type":"cond-expr","locations":[{"start":{"line":142,"column":44},"end":{"line":142,"column":60}},{"start":{"line":142,"column":60},"end":{"line":142,"column":null}}],"line":142}},"s":{"0":5,"1":5,"2":5,"3":5,"4":0,"5":0,"6":0,"7":0,"8":0,"9":0},"f":{"0":5,"1":0,"2":0,"3":0,"4":0,"5":0,"6":0},"b":{"0":[5],"1":[5],"2":[5],"3":[5],"4":[0,5],"5":[1,4],"6":[0],"7":[0,0],"8":[0],"9":[0],"10":[0],"11":[0],"12":[0],"13":[0,0],"14":[0,0],"15":[0,0],"16":[0,0],"17":[0,0]},"meta":{"lastBranch":18,"lastFunction":7,"lastStatement":10,"seen":{"f:9:24:9:29":0,"b:11:14:11:Infinity":0,"b:12:12:12:Infinity":1,"b:13:10:13:Infinity":2,"b:14:14:14:Infinity":3,"s:17:19:22:Infinity":0,"s:24:21:24:Infinity":1,"b:24:29:24:94:24:94:24:Infinity":4,"s:25:23:25:Infinity":2,"b:25:35:25:40:25:40:25:Infinity":5,"s:27:2:39:Infinity":3,"f:49:16:49:27":1,"b:49:51:49:55":6,"s:50:2:56:Infinity":4,"b:56:7:56:17:56:17:56:Infinity":7,"f:64:16:64:26":2,"b:64:50:64:54":8,"s:65:2:72:Infinity":5,"f:79:16:79:32":3,"b:79:56:79:60":9,"s:80:2:83:Infinity":6,"f:90:16:90:25":4,"b:90:49:90:53":10,"s:91:2:94:Infinity":7,"f:101:16:101:27":5,"b:101:51:101:55":11,"s:102:2:105:Infinity":8,"f:112:16:112:25":6,"b:112:76:112:82":12,"s:113:2:149:Infinity":9,"b:120:11:120:Infinity:121:12:123:Infinity":13,"b:132:13:132:25:132:25:132:Infinity":14,"b:135:11:135:Infinity:136:12:147:Infinity":15,"b:139:45:139:66:139:66:139:Infinity":16,"b:142:44:142:60:142:60:142:Infinity":17}}}
,"C:\\Users\\ahmtm\\Desktop\\multirent\\multi-tenant\\src\\components\\ui\\Input.jsx": {"path":"C:\\Users\\ahmtm\\Desktop\\multirent\\multi-tenant\\src\\components\\ui\\Input.jsx","statementMap":{"0":{"start":{"line":14,"column":6},"end":{"line":93,"column":null}},"1":{"start":{"line":29,"column":4},"end":{"line":88,"column":null}},"2":{"start":{"line":95,"column":0},"end":{"line":95,"column":null}},"3":{"start":{"line":103,"column":13},"end":{"line":153,"column":null}},"4":{"start":{"line":108,"column":4},"end":{"line":148,"column":null}},"5":{"start":{"line":155,"column":0},"end":{"line":155,"column":null}},"6":{"start":{"line":160,"column":13},"end":{"line":247,"column":null}},"7":{"start":{"line":175,"column":4},"end":{"line":242,"column":null}},"8":{"start":{"line":215,"column":14},"end":{"line":217,"column":null}},"9":{"start":{"line":249,"column":0},"end":{"line":249,"column":null}}},"fnMap":{"0":{"name":"(anonymous_0)","decl":{"start":{"line":14,"column":14},"end":{"line":14,"column":null}},"loc":{"start":{"line":28,"column":7},"end":{"line":93,"column":null}},"line":28},"1":{"name":"(anonymous_1)","decl":{"start":{"line":103,"column":24},"end":{"line":103,"column":null}},"loc":{"start":{"line":107,"column":7},"end":{"line":153,"column":null}},"line":107},"2":{"name":"(anonymous_2)","decl":{"start":{"line":160,"column":22},"end":{"line":160,"column":null}},"loc":{"start":{"line":174,"column":7},"end":{"line":247,"column":null}},"line":174},"3":{"name":"(anonymous_3)","decl":{"start":{"line":214,"column":21},"end":{"line":214,"column":26}},"loc":{"start":{"line":215,"column":14},"end":{"line":217,"column":null}},"line":215}},"branchMap":{"0":{"loc":{"start":{"line":23,"column":6},"end":{"line":23,"column":null}},"type":"default-arg","locations":[{"start":{"line":23,"column":18},"end":{"line":23,"column":null}}],"line":23},"1":{"loc":{"start":{"line":24,"column":6},"end":{"line":24,"column":null}},"type":"default-arg","locations":[{"start":{"line":24,"column":27},"end":{"line":24,"column":null}}],"line":24},"2":{"loc":{"start":{"line":31,"column":9},"end":{"line":37,"column":null}},"type":"binary-expr","locations":[{"start":{"line":31,"column":9},"end":{"line":31,"column":null}},{"start":{"line":32,"column":10},"end":{"line":37,"column":null}}],"line":31},"3":{"loc":{"start":{"line":34,"column":28},"end":{"line":34,"column":59}},"type":"cond-expr","locations":[{"start":{"line":34,"column":36},"end":{"line":34,"column":48}},{"start":{"line":34,"column":48},"end":{"line":34,"column":59}}],"line":34},"4":{"loc":{"start":{"line":42,"column":12},"end":{"line":44,"column":null}},"type":"cond-expr","locations":[{"start":{"line":43,"column":16},"end":{"line":43,"column":null}},{"start":{"line":44,"column":16},"end":{"line":44,"column":null}}],"line":42},"5":{"loc":{"start":{"line":47,"column":11},"end":{"line":53,"column":null}},"type":"binary-expr","locations":[{"start":{"line":47,"column":11},"end":{"line":47,"column":null}},{"start":{"line":48,"column":12},"end":{"line":53,"column":null}}],"line":47},"6":{"loc":{"start":{"line":50,"column":30},"end":{"line":50,"column":61}},"type":"cond-expr","locations":[{"start":{"line":50,"column":38},"end":{"line":50,"column":50}},{"start":{"line":50,"column":50},"end":{"line":50,"column":61}}],"line":50},"7":{"loc":{"start":{"line":66,"column":11},"end":{"line":69,"column":null}},"type":"binary-expr","locations":[{"start":{"line":66,"column":11},"end":{"line":66,"column":null}},{"start":{"line":67,"column":12},"end":{"line":69,"column":null}}],"line":66},"8":{"loc":{"start":{"line":72,"column":11},"end":{"line":72,"column":null}},"type":"binary-expr","locations":[{"start":{"line":72,"column":11},"end":{"line":72,"column":27}},{"start":{"line":72,"column":27},"end":{"line":72,"column":null}}],"line":72},"9":{"loc":{"start":{"line":75,"column":9},"end":{"line":81,"column":null}},"type":"binary-expr","locations":[{"start":{"line":75,"column":9},"end":{"line":75,"column":null}},{"start":{"line":76,"column":10},"end":{"line":81,"column":null}}],"line":75},"10":{"loc":{"start":{"line":85,"column":9},"end":{"line":88,"column":null}},"type":"binary-expr","locations":[{"start":{"line":85,"column":9},"end":{"line":85,"column":23}},{"start":{"line":85,"column":23},"end":{"line":85,"column":null}},{"start":{"line":86,"column":10},"end":{"line":88,"column":null}}],"line":85},"11":{"loc":{"start":{"line":105,"column":32},"end":{"line":105,"column":48}},"type":"default-arg","locations":[{"start":{"line":105,"column":44},"end":{"line":105,"column":48}}],"line":105},"12":{"loc":{"start":{"line":105,"column":48},"end":{"line":105,"column":73}},"type":"default-arg","locations":[{"start":{"line":105,"column":69},"end":{"line":105,"column":73}}],"line":105},"13":{"loc":{"start":{"line":105,"column":73},"end":{"line":105,"column":83}},"type":"default-arg","locations":[{"start":{"line":105,"column":80},"end":{"line":105,"column":83}}],"line":105},"14":{"loc":{"start":{"line":110,"column":9},"end":{"line":116,"column":null}},"type":"binary-expr","locations":[{"start":{"line":110,"column":9},"end":{"line":110,"column":null}},{"start":{"line":111,"column":10},"end":{"line":116,"column":null}}],"line":110},"15":{"loc":{"start":{"line":113,"column":28},"end":{"line":113,"column":59}},"type":"cond-expr","locations":[{"start":{"line":113,"column":36},"end":{"line":113,"column":48}},{"start":{"line":113,"column":48},"end":{"line":113,"column":59}}],"line":113},"16":{"loc":{"start":{"line":125,"column":12},"end":{"line":127,"column":null}},"type":"cond-expr","locations":[{"start":{"line":126,"column":16},"end":{"line":126,"column":null}},{"start":{"line":127,"column":16},"end":{"line":127,"column":null}}],"line":125},"17":{"loc":{"start":{"line":135,"column":9},"end":{"line":141,"column":null}},"type":"binary-expr","locations":[{"start":{"line":135,"column":9},"end":{"line":135,"column":null}},{"start":{"line":136,"column":10},"end":{"line":141,"column":null}}],"line":135},"18":{"loc":{"start":{"line":145,"column":9},"end":{"line":148,"column":null}},"type":"binary-expr","locations":[{"start":{"line":145,"column":9},"end":{"line":145,"column":23}},{"start":{"line":145,"column":23},"end":{"line":145,"column":null}},{"start":{"line":146,"column":10},"end":{"line":148,"column":null}}],"line":145},"19":{"loc":{"start":{"line":167,"column":6},"end":{"line":167,"column":18}},"type":"default-arg","locations":[{"start":{"line":167,"column":16},"end":{"line":167,"column":18}}],"line":167},"20":{"loc":{"start":{"line":168,"column":6},"end":{"line":168,"column":null}},"type":"default-arg","locations":[{"start":{"line":168,"column":20},"end":{"line":168,"column":null}}],"line":168},"21":{"loc":{"start":{"line":169,"column":6},"end":{"line":169,"column":null}},"type":"default-arg","locations":[{"start":{"line":169,"column":18},"end":{"line":169,"column":null}}],"line":169},"22":{"loc":{"start":{"line":170,"column":6},"end":{"line":170,"column":null}},"type":"default-arg","locations":[{"start":{"line":170,"column":27},"end":{"line":170,"column":null}}],"line":170},"23":{"loc":{"start":{"line":177,"column":9},"end":{"line":183,"column":null}},"type":"binary-expr","locations":[{"start":{"line":177,"column":9},"end":{"line":177,"column":null}},{"start":{"line":178,"column":10},"end":{"line":183,"column":null}}],"line":177},"24":{"loc":{"start":{"line":180,"column":28},"end":{"line":180,"column":59}},"type":"cond-expr","locations":[{"start":{"line":180,"column":36},"end":{"line":180,"column":48}},{"start":{"line":180,"column":48},"end":{"line":180,"column":59}}],"line":180},"25":{"loc":{"start":{"line":188,"column":12},"end":{"line":190,"column":null}},"type":"cond-expr","locations":[{"start":{"line":189,"column":16},"end":{"line":189,"column":null}},{"start":{"line":190,"column":16},"end":{"line":190,"column":null}}],"line":188},"26":{"loc":{"start":{"line":193,"column":11},"end":{"line":199,"column":null}},"type":"binary-expr","locations":[{"start":{"line":193,"column":11},"end":{"line":193,"column":null}},{"start":{"line":194,"column":12},"end":{"line":199,"column":null}}],"line":193},"27":{"loc":{"start":{"line":196,"column":30},"end":{"line":196,"column":61}},"type":"cond-expr","locations":[{"start":{"line":196,"column":38},"end":{"line":196,"column":50}},{"start":{"line":196,"column":50},"end":{"line":196,"column":61}}],"line":196},"28":{"loc":{"start":{"line":229,"column":9},"end":{"line":235,"column":null}},"type":"binary-expr","locations":[{"start":{"line":229,"column":9},"end":{"line":229,"column":null}},{"start":{"line":230,"column":10},"end":{"line":235,"column":null}}],"line":229},"29":{"loc":{"start":{"line":239,"column":9},"end":{"line":242,"column":null}},"type":"binary-expr","locations":[{"start":{"line":239,"column":9},"end":{"line":239,"column":23}},{"start":{"line":239,"column":23},"end":{"line":239,"column":null}},{"start":{"line":240,"column":10},"end":{"line":242,"column":null}}],"line":239}},"s":{"0":1,"1":11,"2":1,"3":1,"4":0,"5":1,"6":1,"7":0,"8":0,"9":1},"f":{"0":11,"1":0,"2":0,"3":0},"b":{"0":[11],"1":[11],"2":[11,11],"3":[2,9],"4":[2,9],"5":[11,0],"6":[0,0],"7":[11,0],"8":[11,0],"9":[11,2],"10":[11,1,1],"11":[0],"12":[0],"13":[0],"14":[0,0],"15":[0,0],"16":[0,0],"17":[0,0],"18":[0,0,0],"19":[0],"20":[0],"21":[0],"22":[0],"23":[0,0],"24":[0,0],"25":[0,0],"26":[0,0],"27":[0,0],"28":[0,0],"29":[0,0,0]},"meta":{"lastBranch":30,"lastFunction":4,"lastStatement":10,"seen":{"s:14:6:93:Infinity":0,"f:14:14:14:Infinity":0,"b:23:18:23:Infinity":0,"b:24:27:24:Infinity":1,"s:29:4:88:Infinity":1,"b:31:9:31:Infinity:32:10:37:Infinity":2,"b:34:36:34:48:34:48:34:59":3,"b:43:16:43:Infinity:44:16:44:Infinity":4,"b:47:11:47:Infinity:48:12:53:Infinity":5,"b:50:38:50:50:50:50:50:61":6,"b:66:11:66:Infinity:67:12:69:Infinity":7,"b:72:11:72:27:72:27:72:Infinity":8,"b:75:9:75:Infinity:76:10:81:Infinity":9,"b:85:9:85:23:85:23:85:Infinity:86:10:88:Infinity":10,"s:95:0:95:Infinity":2,"s:103:13:153:Infinity":3,"f:103:24:103:Infinity":1,"b:105:44:105:48":11,"b:105:69:105:73":12,"b:105:80:105:83":13,"s:108:4:148:Infinity":4,"b:110:9:110:Infinity:111:10:116:Infinity":14,"b:113:36:113:48:113:48:113:59":15,"b:126:16:126:Infinity:127:16:127:Infinity":16,"b:135:9:135:Infinity:136:10:141:Infinity":17,"b:145:9:145:23:145:23:145:Infinity:146:10:148:Infinity":18,"s:155:0:155:Infinity":5,"s:160:13:247:Infinity":6,"f:160:22:160:Infinity":2,"b:167:16:167:18":19,"b:168:20:168:Infinity":20,"b:169:18:169:Infinity":21,"b:170:27:170:Infinity":22,"s:175:4:242:Infinity":7,"b:177:9:177:Infinity:178:10:183:Infinity":23,"b:180:36:180:48:180:48:180:59":24,"b:189:16:189:Infinity:190:16:190:Infinity":25,"b:193:11:193:Infinity:194:12:199:Infinity":26,"b:196:38:196:50:196:50:196:61":27,"f:214:21:214:26":3,"s:215:14:217:Infinity":8,"b:229:9:229:Infinity:230:10:235:Infinity":28,"b:239:9:239:23:239:23:239:Infinity:240:10:242:Infinity":29,"s:249:0:249:Infinity":9}}}
,"C:\\Users\\ahmtm\\Desktop\\multirent\\multi-tenant\\src\\utils\\helpers.js": {"path":"C:\\Users\\ahmtm\\Desktop\\multirent\\multi-tenant\\src\\utils\\helpers.js","statementMap":{"0":{"start":{"line":8,"column":13},"end":{"line":21,"column":null}},"1":{"start":{"line":9,"column":2},"end":{"line":9,"column":null}},"2":{"start":{"line":9,"column":13},"end":{"line":9,"column":null}},"3":{"start":{"line":11,"column":2},"end":{"line":21,"column":null}},"4":{"start":{"line":12,"column":14},"end":{"line":12,"column":28}},"5":{"start":{"line":13,"column":4},"end":{"line":13,"column":null}},"6":{"start":{"line":13,"column":28},"end":{"line":13,"column":null}},"7":{"start":{"line":15,"column":4},"end":{"line":19,"column":null}},"8":{"start":{"line":21,"column":4},"end":{"line":21,"column":null}},"9":{"start":{"line":30,"column":13},"end":{"line":42,"column":null}},"10":{"start":{"line":31,"column":2},"end":{"line":31,"column":null}},"11":{"start":{"line":31,"column":13},"end":{"line":31,"column":null}},"12":{"start":{"line":33,"column":2},"end":{"line":42,"column":null}},"13":{"start":{"line":34,"column":14},"end":{"line":34,"column":28}},"14":{"start":{"line":35,"column":4},"end":{"line":35,"column":null}},"15":{"start":{"line":35,"column":28},"end":{"line":35,"column":null}},"16":{"start":{"line":37,"column":4},"end":{"line":40,"column":null}},"17":{"start":{"line":42,"column":4},"end":{"line":42,"column":null}},"18":{"start":{"line":52,"column":13},"end":{"line":60,"column":null}},"19":{"start":{"line":53,"column":2},"end":{"line":53,"column":null}},"20":{"start":{"line":53,"column":34},"end":{"line":53,"column":null}},"21":{"start":{"line":55,"column":2},"end":{"line":60,"column":null}},"22":{"start":{"line":68,"column":13},"end":{"line":84,"column":null}},"23":{"start":{"line":69,"column":2},"end":{"line":69,"column":null}},"24":{"start":{"line":69,"column":13},"end":{"line":69,"column":null}},"25":{"start":{"line":71,"column":2},"end":{"line":84,"column":null}}},"fnMap":{"0":{"name":"(anonymous_0)","decl":{"start":{"line":8,"column":13},"end":{"line":8,"column":27}},"loc":{"start":{"line":8,"column":36},"end":{"line":21,"column":null}},"line":8},"1":{"name":"(anonymous_1)","decl":{"start":{"line":30,"column":13},"end":{"line":30,"column":27}},"loc":{"start":{"line":30,"column":36},"end":{"line":42,"column":null}},"line":30},"2":{"name":"(anonymous_2)","decl":{"start":{"line":52,"column":13},"end":{"line":52,"column":31}},"loc":{"start":{"line":52,"column":60},"end":{"line":60,"column":null}},"line":52},"3":{"name":"(anonymous_3)","decl":{"start":{"line":68,"column":13},"end":{"line":68,"column":29}},"loc":{"start":{"line":68,"column":38},"end":{"line":84,"column":null}},"line":68}},"branchMap":{"0":{"loc":{"start":{"line":9,"column":2},"end":{"line":9,"column":null}},"type":"if","locations":[{"start":{"line":9,"column":2},"end":{"line":9,"column":null}},{"start":{},"end":{}}],"line":9},"1":{"loc":{"start":{"line":13,"column":4},"end":{"line":13,"column":null}},"type":"if","locations":[{"start":{"line":13,"column":4},"end":{"line":13,"column":null}},{"start":{},"end":{}}],"line":13},"2":{"loc":{"start":{"line":31,"column":2},"end":{"line":31,"column":null}},"type":"if","locations":[{"start":{"line":31,"column":2},"end":{"line":31,"column":null}},{"start":{},"end":{}}],"line":31},"3":{"loc":{"start":{"line":35,"column":4},"end":{"line":35,"column":null}},"type":"if","locations":[{"start":{"line":35,"column":4},"end":{"line":35,"column":null}},{"start":{},"end":{}}],"line":35},"4":{"loc":{"start":{"line":52,"column":39},"end":{"line":52,"column":60}},"type":"default-arg","locations":[{"start":{"line":52,"column":50},"end":{"line":52,"column":60}}],"line":52},"5":{"loc":{"start":{"line":53,"column":2},"end":{"line":53,"column":null}},"type":"if","locations":[{"start":{"line":53,"column":2},"end":{"line":53,"column":null}},{"start":{},"end":{}}],"line":53},"6":{"loc":{"start":{"line":69,"column":2},"end":{"line":69,"column":null}},"type":"if","locations":[{"start":{"line":69,"column":2},"end":{"line":69,"column":null}},{"start":{},"end":{}}],"line":69}},"s":{"0":1,"1":5,"2":2,"3":3,"4":3,"5":3,"6":1,"7":2,"8":0,"9":1,"10":3,"11":0,"12":3,"13":3,"14":3,"15":1,"16":2,"17":0,"18":1,"19":5,"20":0,"21":5,"22":1,"23":6,"24":1,"25":5},"f":{"0":5,"1":3,"2":5,"3":6},"b":{"0":[2,3],"1":[1,2],"2":[0,3],"3":[1,2],"4":[5],"5":[0,5],"6":[1,5]},"meta":{"lastBranch":7,"lastFunction":4,"lastStatement":26,"seen":{"s:8:13:21:Infinity":0,"f:8:13:8:27":0,"b:9:2:9:Infinity:undefined:undefined:undefined:undefined":0,"s:9:2:9:Infinity":1,"s:9:13:9:Infinity":2,"s:11:2:21:Infinity":3,"s:12:14:12:28":4,"b:13:4:13:Infinity:undefined:undefined:undefined:undefined":1,"s:13:4:13:Infinity":5,"s:13:28:13:Infinity":6,"s:15:4:19:Infinity":7,"s:21:4:21:Infinity":8,"s:30:13:42:Infinity":9,"f:30:13:30:27":1,"b:31:2:31:Infinity:undefined:undefined:undefined:undefined":2,"s:31:2:31:Infinity":10,"s:31:13:31:Infinity":11,"s:33:2:42:Infinity":12,"s:34:14:34:28":13,"b:35:4:35:Infinity:undefined:undefined:undefined:undefined":3,"s:35:4:35:Infinity":14,"s:35:28:35:Infinity":15,"s:37:4:40:Infinity":16,"s:42:4:42:Infinity":17,"s:52:13:60:Infinity":18,"f:52:13:52:31":2,"b:52:50:52:60":4,"b:53:2:53:Infinity:undefined:undefined:undefined:undefined":5,"s:53:2:53:Infinity":19,"s:53:34:53:Infinity":20,"s:55:2:60:Infinity":21,"s:68:13:84:Infinity":22,"f:68:13:68:29":3,"b:69:2:69:Infinity:undefined:undefined:undefined:undefined":6,"s:69:2:69:Infinity":23,"s:69:13:69:Infinity":24,"s:71:2:84:Infinity":25}}}
,"C:\\Users\\ahmtm\\Desktop\\multirent\\multi-tenant\\src\\utils\\sanitize.js": {"path":"C:\\Users\\ahmtm\\Desktop\\multirent\\multi-tenant\\src\\utils\\sanitize.js","statementMap":{"0":{"start":{"line":8,"column":13},"end":{"line":18,"column":null}},"1":{"start":{"line":9,"column":2},"end":{"line":9,"column":null}},"2":{"start":{"line":9,"column":45},"end":{"line":9,"column":null}},"3":{"start":{"line":10,"column":2},"end":{"line":10,"column":null}},"4":{"start":{"line":10,"column":33},"end":{"line":10,"column":null}},"5":{"start":{"line":13,"column":18},"end":{"line":16,"column":4}},"6":{"start":{"line":18,"column":2},"end":{"line":18,"column":null}},"7":{"start":{"line":26,"column":13},"end":{"line":35,"column":null}},"8":{"start":{"line":27,"column":2},"end":{"line":27,"column":null}},"9":{"start":{"line":27,"column":13},"end":{"line":27,"column":null}},"10":{"start":{"line":28,"column":2},"end":{"line":28,"column":null}},"11":{"start":{"line":28,"column":32},"end":{"line":28,"column":null}},"12":{"start":{"line":31,"column":2},"end":{"line":35,"column":null}},"13":{"start":{"line":43,"column":13},"end":{"line":58,"column":null}},"14":{"start":{"line":44,"column":2},"end":{"line":44,"column":null}},"15":{"start":{"line":44,"column":39},"end":{"line":44,"column":null}},"16":{"start":{"line":46,"column":20},"end":{"line":46,"column":22}},"17":{"start":{"line":48,"column":2},"end":{"line":54,"column":null}},"18":{"start":{"line":49,"column":4},"end":{"line":54,"column":null}},"19":{"start":{"line":50,"column":6},"end":{"line":50,"column":null}},"20":{"start":{"line":51,"column":15},"end":{"line":54,"column":null}},"21":{"start":{"line":52,"column":6},"end":{"line":52,"column":null}},"22":{"start":{"line":54,"column":6},"end":{"line":54,"column":null}},"23":{"start":{"line":58,"column":2},"end":{"line":58,"column":null}},"24":{"start":{"line":67,"column":13},"end":{"line":76,"column":null}},"25":{"start":{"line":68,"column":2},"end":{"line":68,"column":null}},"26":{"start":{"line":68,"column":33},"end":{"line":68,"column":null}},"27":{"start":{"line":70,"column":2},"end":{"line":76,"column":null}},"28":{"start":{"line":84,"column":13},"end":{"line":87,"column":null}},"29":{"start":{"line":85,"column":2},"end":{"line":85,"column":null}},"30":{"start":{"line":85,"column":33},"end":{"line":85,"column":null}},"31":{"start":{"line":87,"column":2},"end":{"line":87,"column":null}},"32":{"start":{"line":95,"column":13},"end":{"line":102,"column":null}},"33":{"start":{"line":96,"column":2},"end":{"line":96,"column":null}},"34":{"start":{"line":96,"column":33},"end":{"line":96,"column":null}},"35":{"start":{"line":99,"column":18},"end":{"line":99,"column":42}},"36":{"start":{"line":102,"column":2},"end":{"line":102,"column":null}},"37":{"start":{"line":110,"column":13},"end":{"line":123,"column":null}},"38":{"start":{"line":111,"column":2},"end":{"line":111,"column":null}},"39":{"start":{"line":111,"column":31},"end":{"line":111,"column":null}},"40":{"start":{"line":113,"column":2},"end":{"line":123,"column":null}},"41":{"start":{"line":114,"column":19},"end":{"line":114,"column":31}},"42":{"start":{"line":117,"column":4},"end":{"line":118,"column":null}},"43":{"start":{"line":118,"column":6},"end":{"line":118,"column":null}},"44":{"start":{"line":121,"column":4},"end":{"line":121,"column":null}},"45":{"start":{"line":123,"column":4},"end":{"line":123,"column":null}},"46":{"start":{"line":132,"column":13},"end":{"line":139,"column":null}},"47":{"start":{"line":133,"column":2},"end":{"line":133,"column":null}},"48":{"start":{"line":133,"column":36},"end":{"line":133,"column":null}},"49":{"start":{"line":135,"column":2},"end":{"line":139,"column":null}},"50":{"start":{"line":149,"column":23},"end":{"line":149,"column":32}},"51":{"start":{"line":151,"column":13},"end":{"line":172,"column":null}},"52":{"start":{"line":152,"column":14},"end":{"line":152,"column":24}},"53":{"start":{"line":153,"column":17},"end":{"line":153,"column":40}},"54":{"start":{"line":155,"column":2},"end":{"line":157,"column":null}},"55":{"start":{"line":156,"column":4},"end":{"line":156,"column":null}},"56":{"start":{"line":157,"column":4},"end":{"line":157,"column":null}},"57":{"start":{"line":160,"column":2},"end":{"line":163,"column":null}},"58":{"start":{"line":162,"column":4},"end":{"line":162,"column":null}},"59":{"start":{"line":163,"column":4},"end":{"line":163,"column":null}},"60":{"start":{"line":166,"column":2},"end":{"line":167,"column":null}},"61":{"start":{"line":167,"column":4},"end":{"line":167,"column":null}},"62":{"start":{"line":171,"column":2},"end":{"line":171,"column":null}},"63":{"start":{"line":172,"column":2},"end":{"line":172,"column":null}},"64":{"start":{"line":178,"column":13},"end":{"line":182,"column":null}},"65":{"start":{"line":179,"column":14},"end":{"line":179,"column":24}},"66":{"start":{"line":180,"column":2},"end":{"line":182,"column":null}},"67":{"start":{"line":181,"column":4},"end":{"line":182,"column":null}},"68":{"start":{"line":182,"column":6},"end":{"line":182,"column":null}},"69":{"start":{"line":188,"column":0},"end":{"line":189,"column":null}},"70":{"start":{"line":189,"column":2},"end":{"line":189,"column":null}}},"fnMap":{"0":{"name":"(anonymous_0)","decl":{"start":{"line":8,"column":13},"end":{"line":8,"column":30}},"loc":{"start":{"line":8,"column":40},"end":{"line":18,"column":null}},"line":8},"1":{"name":"(anonymous_1)","decl":{"start":{"line":26,"column":13},"end":{"line":26,"column":29}},"loc":{"start":{"line":26,"column":38},"end":{"line":35,"column":null}},"line":26},"2":{"name":"(anonymous_2)","decl":{"start":{"line":43,"column":13},"end":{"line":43,"column":31}},"loc":{"start":{"line":43,"column":39},"end":{"line":58,"column":null}},"line":43},"3":{"name":"(anonymous_3)","decl":{"start":{"line":67,"column":13},"end":{"line":67,"column":31}},"loc":{"start":{"line":67,"column":41},"end":{"line":76,"column":null}},"line":67},"4":{"name":"(anonymous_4)","decl":{"start":{"line":84,"column":13},"end":{"line":84,"column":31}},"loc":{"start":{"line":84,"column":41},"end":{"line":87,"column":null}},"line":84},"5":{"name":"(anonymous_5)","decl":{"start":{"line":95,"column":13},"end":{"line":95,"column":31}},"loc":{"start":{"line":95,"column":41},"end":{"line":102,"column":null}},"line":95},"6":{"name":"(anonymous_6)","decl":{"start":{"line":110,"column":13},"end":{"line":110,"column":28}},"loc":{"start":{"line":110,"column":36},"end":{"line":123,"column":null}},"line":110},"7":{"name":"(anonymous_7)","decl":{"start":{"line":132,"column":13},"end":{"line":132,"column":33}},"loc":{"start":{"line":132,"column":46},"end":{"line":139,"column":null}},"line":132},"8":{"name":"(anonymous_8)","decl":{"start":{"line":151,"column":13},"end":{"line":151,"column":31}},"loc":{"start":{"line":151,"column":74},"end":{"line":172,"column":null}},"line":151},"9":{"name":"(anonymous_9)","decl":{"start":{"line":178,"column":13},"end":{"line":178,"column":44}},"loc":{"start":{"line":178,"column":44},"end":{"line":182,"column":null}},"line":178}},"branchMap":{"0":{"loc":{"start":{"line":9,"column":2},"end":{"line":9,"column":null}},"type":"if","locations":[{"start":{"line":9,"column":2},"end":{"line":9,"column":null}},{"start":{},"end":{}}],"line":9},"1":{"loc":{"start":{"line":9,"column":6},"end":{"line":9,"column":45}},"type":"binary-expr","locations":[{"start":{"line":9,"column":6},"end":{"line":9,"column":24}},{"start":{"line":9,"column":24},"end":{"line":9,"column":45}}],"line":9},"2":{"loc":{"start":{"line":10,"column":2},"end":{"line":10,"column":null}},"type":"if","locations":[{"start":{"line":10,"column":2},"end":{"line":10,"column":null}},{"start":{},"end":{}}],"line":10},"3":{"loc":{"start":{"line":27,"column":2},"end":{"line":27,"column":null}},"type":"if","locations":[{"start":{"line":27,"column":2},"end":{"line":27,"column":null}},{"start":{},"end":{}}],"line":27},"4":{"loc":{"start":{"line":28,"column":2},"end":{"line":28,"column":null}},"type":"if","locations":[{"start":{"line":28,"column":2},"end":{"line":28,"column":null}},{"start":{},"end":{}}],"line":28},"5":{"loc":{"start":{"line":44,"column":2},"end":{"line":44,"column":null}},"type":"if","locations":[{"start":{"line":44,"column":2},"end":{"line":44,"column":null}},{"start":{},"end":{}}],"line":44},"6":{"loc":{"start":{"line":44,"column":6},"end":{"line":44,"column":39}},"type":"binary-expr","locations":[{"start":{"line":44,"column":6},"end":{"line":44,"column":14}},{"start":{"line":44,"column":14},"end":{"line":44,"column":39}}],"line":44},"7":{"loc":{"start":{"line":49,"column":4},"end":{"line":54,"column":null}},"type":"if","locations":[{"start":{"line":49,"column":4},"end":{"line":54,"column":null}},{"start":{"line":51,"column":15},"end":{"line":54,"column":null}}],"line":49},"8":{"loc":{"start":{"line":51,"column":15},"end":{"line":54,"column":null}},"type":"if","locations":[{"start":{"line":51,"column":15},"end":{"line":54,"column":null}},{"start":{"line":53,"column":11},"end":{"line":54,"column":null}}],"line":51},"9":{"loc":{"start":{"line":51,"column":15},"end":{"line":51,"column":60}},"type":"binary-expr","locations":[{"start":{"line":51,"column":15},"end":{"line":51,"column":44}},{"start":{"line":51,"column":44},"end":{"line":51,"column":60}}],"line":51},"10":{"loc":{"start":{"line":68,"column":2},"end":{"line":68,"column":null}},"type":"if","locations":[{"start":{"line":68,"column":2},"end":{"line":68,"column":null}},{"start":{},"end":{}}],"line":68},"11":{"loc":{"start":{"line":85,"column":2},"end":{"line":85,"column":null}},"type":"if","locations":[{"start":{"line":85,"column":2},"end":{"line":85,"column":null}},{"start":{},"end":{}}],"line":85},"12":{"loc":{"start":{"line":96,"column":2},"end":{"line":96,"column":null}},"type":"if","locations":[{"start":{"line":96,"column":2},"end":{"line":96,"column":null}},{"start":{},"end":{}}],"line":96},"13":{"loc":{"start":{"line":102,"column":9},"end":{"line":102,"column":null}},"type":"cond-expr","locations":[{"start":{"line":102,"column":35},"end":{"line":102,"column":51}},{"start":{"line":102,"column":54},"end":{"line":102,"column":null}}],"line":102},"14":{"loc":{"start":{"line":111,"column":2},"end":{"line":111,"column":null}},"type":"if","locations":[{"start":{"line":111,"column":2},"end":{"line":111,"column":null}},{"start":{},"end":{}}],"line":111},"15":{"loc":{"start":{"line":117,"column":4},"end":{"line":118,"column":null}},"type":"if","locations":[{"start":{"line":117,"column":4},"end":{"line":118,"column":null}},{"start":{},"end":{}}],"line":117},"16":{"loc":{"start":{"line":133,"column":2},"end":{"line":133,"column":null}},"type":"if","locations":[{"start":{"line":133,"column":2},"end":{"line":133,"column":null}},{"start":{},"end":{}}],"line":133},"17":{"loc":{"start":{"line":151,"column":36},"end":{"line":151,"column":53}},"type":"default-arg","locations":[{"start":{"line":151,"column":50},"end":{"line":151,"column":53}}],"line":151},"18":{"loc":{"start":{"line":151,"column":53},"end":{"line":151,"column":74}},"type":"default-arg","locations":[{"start":{"line":151,"column":64},"end":{"line":151,"column":74}}],"line":151},"19":{"loc":{"start":{"line":155,"column":2},"end":{"line":157,"column":null}},"type":"if","locations":[{"start":{"line":155,"column":2},"end":{"line":157,"column":null}},{"start":{},"end":{}}],"line":155},"20":{"loc":{"start":{"line":160,"column":2},"end":{"line":163,"column":null}},"type":"if","locations":[{"start":{"line":160,"column":2},"end":{"line":163,"column":null}},{"start":{},"end":{}}],"line":160},"21":{"loc":{"start":{"line":166,"column":2},"end":{"line":167,"column":null}},"type":"if","locations":[{"start":{"line":166,"column":2},"end":{"line":167,"column":null}},{"start":{},"end":{}}],"line":166},"22":{"loc":{"start":{"line":181,"column":4},"end":{"line":182,"column":null}},"type":"if","locations":[{"start":{"line":181,"column":4},"end":{"line":182,"column":null}},{"start":{},"end":{}}],"line":181},"23":{"loc":{"start":{"line":188,"column":0},"end":{"line":189,"column":null}},"type":"if","locations":[{"start":{"line":188,"column":0},"end":{"line":189,"column":null}},{"start":{},"end":{}}],"line":188}},"s":{"0":1,"1":7,"2":2,"3":5,"4":0,"5":5,"6":5,"7":1,"8":6,"9":1,"10":5,"11":0,"12":5,"13":1,"14":0,"15":0,"16":0,"17":0,"18":0,"19":0,"20":0,"21":0,"22":0,"23":0,"24":1,"25":0,"26":0,"27":0,"28":1,"29":0,"30":0,"31":0,"32":1,"33":0,"34":0,"35":0,"36":0,"37":1,"38":0,"39":0,"40":0,"41":0,"42":0,"43":0,"44":0,"45":0,"46":1,"47":0,"48":0,"49":0,"50":1,"51":1,"52":0,"53":0,"54":0,"55":0,"56":0,"57":0,"58":0,"59":0,"60":0,"61":0,"62":0,"63":0,"64":1,"65":0,"66":0,"67":0,"68":0,"69":1,"70":1},"f":{"0":7,"1":6,"2":0,"3":0,"4":0,"5":0,"6":0,"7":0,"8":0,"9":0},"b":{"0":[2,5],"1":[7,6],"2":[0,5],"3":[1,5],"4":[0,5],"5":[0,0],"6":[0,0],"7":[0,0],"8":[0,0],"9":[0,0],"10":[0,0],"11":[0,0],"12":[0,0],"13":[0,0],"14":[0,0],"15":[0,0],"16":[0,0],"17":[0],"18":[0],"19":[0,0],"20":[0,0],"21":[0,0],"22":[0,0],"23":[1,0]},"meta":{"lastBranch":24,"lastFunction":10,"lastStatement":71,"seen":{"s:8:13:18:Infinity":0,"f:8:13:8:30":0,"b:9:2:9:Infinity:undefined:undefined:undefined:undefined":0,"s:9:2:9:Infinity":1,"b:9:6:9:24:9:24:9:45":1,"s:9:45:9:Infinity":2,"b:10:2:10:Infinity:undefined:undefined:undefined:undefined":2,"s:10:2:10:Infinity":3,"s:10:33:10:Infinity":4,"s:13:18:16:4":5,"s:18:2:18:Infinity":6,"s:26:13:35:Infinity":7,"f:26:13:26:29":1,"b:27:2:27:Infinity:undefined:undefined:undefined:undefined":3,"s:27:2:27:Infinity":8,"s:27:13:27:Infinity":9,"b:28:2:28:Infinity:undefined:undefined:undefined:undefined":4,"s:28:2:28:Infinity":10,"s:28:32:28:Infinity":11,"s:31:2:35:Infinity":12,"s:43:13:58:Infinity":13,"f:43:13:43:31":2,"b:44:2:44:Infinity:undefined:undefined:undefined:undefined":5,"s:44:2:44:Infinity":14,"b:44:6:44:14:44:14:44:39":6,"s:44:39:44:Infinity":15,"s:46:20:46:22":16,"s:48:2:54:Infinity":17,"b:49:4:54:Infinity:51:15:54:Infinity":7,"s:49:4:54:Infinity":18,"s:50:6:50:Infinity":19,"b:51:15:54:Infinity:53:11:54:Infinity":8,"s:51:15:54:Infinity":20,"b:51:15:51:44:51:44:51:60":9,"s:52:6:52:Infinity":21,"s:54:6:54:Infinity":22,"s:58:2:58:Infinity":23,"s:67:13:76:Infinity":24,"f:67:13:67:31":3,"b:68:2:68:Infinity:undefined:undefined:undefined:undefined":10,"s:68:2:68:Infinity":25,"s:68:33:68:Infinity":26,"s:70:2:76:Infinity":27,"s:84:13:87:Infinity":28,"f:84:13:84:31":4,"b:85:2:85:Infinity:undefined:undefined:undefined:undefined":11,"s:85:2:85:Infinity":29,"s:85:33:85:Infinity":30,"s:87:2:87:Infinity":31,"s:95:13:102:Infinity":32,"f:95:13:95:31":5,"b:96:2:96:Infinity:undefined:undefined:undefined:undefined":12,"s:96:2:96:Infinity":33,"s:96:33:96:Infinity":34,"s:99:18:99:42":35,"s:102:2:102:Infinity":36,"b:102:35:102:51:102:54:102:Infinity":13,"s:110:13:123:Infinity":37,"f:110:13:110:28":6,"b:111:2:111:Infinity:undefined:undefined:undefined:undefined":14,"s:111:2:111:Infinity":38,"s:111:31:111:Infinity":39,"s:113:2:123:Infinity":40,"s:114:19:114:31":41,"b:117:4:118:Infinity:undefined:undefined:undefined:undefined":15,"s:117:4:118:Infinity":42,"s:118:6:118:Infinity":43,"s:121:4:121:Infinity":44,"s:123:4:123:Infinity":45,"s:132:13:139:Infinity":46,"f:132:13:132:33":7,"b:133:2:133:Infinity:undefined:undefined:undefined:undefined":16,"s:133:2:133:Infinity":47,"s:133:36:133:Infinity":48,"s:135:2:139:Infinity":49,"s:149:23:149:32":50,"s:151:13:172:Infinity":51,"f:151:13:151:31":8,"b:151:50:151:53":17,"b:151:64:151:74":18,"s:152:14:152:24":52,"s:153:17:153:40":53,"b:155:2:157:Infinity:undefined:undefined:undefined:undefined":19,"s:155:2:157:Infinity":54,"s:156:4:156:Infinity":55,"s:157:4:157:Infinity":56,"b:160:2:163:Infinity:undefined:undefined:undefined:undefined":20,"s:160:2:163:Infinity":57,"s:162:4:162:Infinity":58,"s:163:4:163:Infinity":59,"b:166:2:167:Infinity:undefined:undefined:undefined:undefined":21,"s:166:2:167:Infinity":60,"s:167:4:167:Infinity":61,"s:171:2:171:Infinity":62,"s:172:2:172:Infinity":63,"s:178:13:182:Infinity":64,"f:178:13:178:44":9,"s:179:14:179:24":65,"s:180:2:182:Infinity":66,"b:181:4:182:Infinity:undefined:undefined:undefined:undefined":22,"s:181:4:182:Infinity":67,"s:182:6:182:Infinity":68,"b:188:0:189:Infinity:undefined:undefined:undefined:undefined":23,"s:188:0:189:Infinity":69,"s:189:2:189:Infinity":70}}}
,"C:\\Users\\ahmtm\\Desktop\\multirent\\multi-tenant\\src\\utils\\validationSchemas.js": {"path":"C:\\Users\\ahmtm\\Desktop\\multirent\\multi-tenant\\src\\utils\\validationSchemas.js","statementMap":{"0":{"start":{"line":4,"column":27},"end":{"line":11,"column":2}},"1":{"start":{"line":14,"column":30},"end":{"line":52,"column":2}},"2":{"start":{"line":55,"column":29},"end":{"line":75,"column":2}},"3":{"start":{"line":78,"column":27},"end":{"line":101,"column":2}},"4":{"start":{"line":104,"column":33},"end":{"line":124,"column":2}},"5":{"start":{"line":127,"column":35},"end":{"line":144,"column":2}},"6":{"start":{"line":147,"column":13},"end":{"line":157,"column":null}},"7":{"start":{"line":148,"column":2},"end":{"line":148,"column":null}},"8":{"start":{"line":148,"column":14},"end":{"line":148,"column":null}},"9":{"start":{"line":150,"column":18},"end":{"line":150,"column":42}},"10":{"start":{"line":152,"column":22},"end":{"line":152,"column":null}},"11":{"start":{"line":154,"column":2},"end":{"line":155,"column":null}},"12":{"start":{"line":155,"column":4},"end":{"line":155,"column":null}},"13":{"start":{"line":157,"column":2},"end":{"line":157,"column":null}},"14":{"start":{"line":161,"column":32},"end":{"line":171,"column":null}},"15":{"start":{"line":162,"column":2},"end":{"line":171,"column":null}},"16":{"start":{"line":163,"column":28},"end":{"line":167,"column":15}},"17":{"start":{"line":169,"column":4},"end":{"line":169,"column":null}},"18":{"start":{"line":171,"column":4},"end":{"line":171,"column":null}},"19":{"start":{"line":176,"column":39},"end":{"line":186,"column":null}},"20":{"start":{"line":177,"column":2},"end":{"line":186,"column":null}},"21":{"start":{"line":178,"column":28},"end":{"line":182,"column":15}},"22":{"start":{"line":184,"column":4},"end":{"line":184,"column":null}},"23":{"start":{"line":186,"column":4},"end":{"line":186,"column":null}}},"fnMap":{"0":{"name":"(anonymous_0)","decl":{"start":{"line":147,"column":13},"end":{"line":147,"column":34}},"loc":{"start":{"line":147,"column":44},"end":{"line":157,"column":null}},"line":147},"1":{"name":"(anonymous_1)","decl":{"start":{"line":161,"column":32},"end":{"line":161,"column":39}},"loc":{"start":{"line":161,"column":59},"end":{"line":171,"column":null}},"line":161},"2":{"name":"(anonymous_2)","decl":{"start":{"line":176,"column":39},"end":{"line":176,"column":46}},"loc":{"start":{"line":176,"column":73},"end":{"line":186,"column":null}},"line":176}},"branchMap":{"0":{"loc":{"start":{"line":148,"column":2},"end":{"line":148,"column":null}},"type":"if","locations":[{"start":{"line":148,"column":2},"end":{"line":148,"column":null}},{"start":{},"end":{}}],"line":148},"1":{"loc":{"start":{"line":152,"column":22},"end":{"line":152,"column":null}},"type":"cond-expr","locations":[{"start":{"line":152,"column":48},"end":{"line":152,"column":64}},{"start":{"line":152,"column":67},"end":{"line":152,"column":null}}],"line":152},"2":{"loc":{"start":{"line":154,"column":2},"end":{"line":155,"column":null}},"type":"if","locations":[{"start":{"line":154,"column":2},"end":{"line":155,"column":null}},{"start":{},"end":{}}],"line":154},"3":{"loc":{"start":{"line":169,"column":11},"end":{"line":169,"column":null}},"type":"binary-expr","locations":[{"start":{"line":169,"column":11},"end":{"line":169,"column":21}},{"start":{"line":169,"column":21},"end":{"line":169,"column":null}}],"line":169},"4":{"loc":{"start":{"line":184,"column":11},"end":{"line":184,"column":null}},"type":"binary-expr","locations":[{"start":{"line":184,"column":11},"end":{"line":184,"column":21}},{"start":{"line":184,"column":21},"end":{"line":184,"column":null}}],"line":184}},"s":{"0":1,"1":1,"2":1,"3":1,"4":1,"5":1,"6":1,"7":0,"8":0,"9":0,"10":0,"11":0,"12":0,"13":0,"14":1,"15":0,"16":0,"17":0,"18":0,"19":1,"20":0,"21":0,"22":0,"23":0},"f":{"0":0,"1":0,"2":0},"b":{"0":[0,0],"1":[0,0],"2":[0,0],"3":[0,0],"4":[0,0]},"meta":{"lastBranch":5,"lastFunction":3,"lastStatement":24,"seen":{"s:4:27:11:2":0,"s:14:30:52:2":1,"s:55:29:75:2":2,"s:78:27:101:2":3,"s:104:33:124:2":4,"s:127:35:144:2":5,"s:147:13:157:Infinity":6,"f:147:13:147:34":0,"b:148:2:148:Infinity:undefined:undefined:undefined:undefined":0,"s:148:2:148:Infinity":7,"s:148:14:148:Infinity":8,"s:150:18:150:42":9,"s:152:22:152:Infinity":10,"b:152:48:152:64:152:67:152:Infinity":1,"b:154:2:155:Infinity:undefined:undefined:undefined:undefined":2,"s:154:2:155:Infinity":11,"s:155:4:155:Infinity":12,"s:157:2:157:Infinity":13,"s:161:32:171:Infinity":14,"f:161:32:161:39":1,"s:162:2:171:Infinity":15,"s:163:28:167:15":16,"s:169:4:169:Infinity":17,"b:169:11:169:21:169:21:169:Infinity":3,"s:171:4:171:Infinity":18,"s:176:39:186:Infinity":19,"f:176:39:176:46":2,"s:177:2:186:Infinity":20,"s:178:28:182:15":21,"s:184:4:184:Infinity":22,"b:184:11:184:21:184:21:184:Infinity":4,"s:186:4:186:Infinity":23}}}
}
